2020/05/11 01:59:45 AM Setting up graph data with 596 nodes, 44327 edges and 1 clusters
2020/05/11 04:46:06 AM 
 Summary of simulation: 
------------------------------------- 
Duration: 10
------------------------------------- 
p_is: 0.5
------------------------------------- 
p_id: 0.02
------------------------------------- 
p_ih: 0.06
------------------------------------- 
p_ir: 0.3
------------------------------------- 
p_hr: 0.15
------------------------------------- 
p_hd: 0.04
------------------------------------- 
t_latent: 5
------------------------------------- 
t_infectious: 5

2020/05/11 04:46:06 AM Analysis finished at Mon May 11 04:46:06 2020
2020/05/11 04:46:06 AM Simulation complete. Time elapsed: 2.0h:46.0m:21.36s
