2020/05/11 01:59:39 AM Setting up graph data with 596 nodes, 132982 edges and 1 clusters
2020/05/11 03:07:10 AM 
 Summary of simulation: 
------------------------------------- 
Duration: 10
------------------------------------- 
p_is: 0.5
------------------------------------- 
p_id: 0.02
------------------------------------- 
p_ih: 0.06
------------------------------------- 
p_ir: 0.3
------------------------------------- 
p_hr: 0.15
------------------------------------- 
p_hd: 0.04
------------------------------------- 
t_latent: 5
------------------------------------- 
t_infectious: 5

2020/05/11 03:07:10 AM Analysis finished at Mon May 11 03:07:10 2020
2020/05/11 03:07:10 AM Simulation complete. Time elapsed: 1.0h:7.0m:31.29s
