2020/05/11 07:21:56 AM Setting up graph data with 596 nodes, 132982 edges and 1 clusters
2020/05/11 07:29:15 AM Traceback (most recent call last):
  File "/home/hadoop/network_update_GF_monte_carlo_cluster.py", line 418, in <module>
    nodes_counter, duration = simulate(g, args.p_is, args.p_id, args.p_ih, args.p_ir, args.p_hr, args.p_hd, args.t_latent, args.t_infectious, args.num_i_seeds, args.num_time_steps)
  File "/home/hadoop/network_update_GF_monte_carlo_cluster.py", line 345, in simulate
    new_E_nodes = S_flow(g, s_nodes, e_nodes, i_nodes, r_nodes, h_nodes, d_nodes, p_is, p_id, p_ih, p_ir, t_infectious)
  File "/home/hadoop/network_update_GF_monte_carlo_cluster.py", line 263, in S_flow
    neighbors = g.vertices.filter(col("id").isin([node])).select("neighbors").toPandas()["neighbors"][0]
  File "/usr/lib/spark/python/lib/pyspark.zip/pyspark/sql/dataframe.py", line 2143, in toPandas
    pdf = pd.DataFrame.from_records(self.collect(), columns=self.columns)
  File "/usr/lib/spark/python/lib/pyspark.zip/pyspark/sql/dataframe.py", line 534, in collect
    sock_info = self._jdf.collectToPython()
  File "/usr/lib/spark/python/lib/py4j-0.10.7-src.zip/py4j/java_gateway.py", line 1257, in __call__
    answer, self.gateway_client, self.target_id, self.name)
  File "/usr/lib/spark/python/lib/pyspark.zip/pyspark/sql/utils.py", line 63, in deco
    return f(*a, **kw)
  File "/usr/lib/spark/python/lib/py4j-0.10.7-src.zip/py4j/protocol.py", line 328, in get_return_value
    format(target_id, ".", name), value)
Py4JJavaError: An error occurred while calling o1497.collectToPython.
: org.apache.spark.SparkException: Job 35 cancelled because SparkContext was shut down
	at org.apache.spark.scheduler.DAGScheduler$$anonfun$cleanUpAfterSchedulerStop$1.apply(DAGScheduler.scala:972)
	at org.apache.spark.scheduler.DAGScheduler$$anonfun$cleanUpAfterSchedulerStop$1.apply(DAGScheduler.scala:970)
	at scala.collection.mutable.HashSet.foreach(HashSet.scala:78)
	at org.apache.spark.scheduler.DAGScheduler.cleanUpAfterSchedulerStop(DAGScheduler.scala:970)
	at org.apache.spark.scheduler.DAGSchedulerEventProcessLoop.onStop(DAGScheduler.scala:2286)
	at org.apache.spark.util.EventLoop.stop(EventLoop.scala:84)
	at org.apache.spark.scheduler.DAGScheduler.stop(DAGScheduler.scala:2193)
	at org.apache.spark.SparkContext$$anonfun$stop$6.apply$mcV$sp(SparkContext.scala:1949)
	at org.apache.spark.util.Utils$.tryLogNonFatalError(Utils.scala:1340)
	at org.apache.spark.SparkContext.stop(SparkContext.scala:1948)
	at org.apache.spark.scheduler.cluster.YarnClientSchedulerBackend$MonitorThread.run(YarnClientSchedulerBackend.scala:121)
	at org.apache.spark.scheduler.DAGScheduler.runJob(DAGScheduler.scala:777)
	at org.apache.spark.SparkContext.runJob(SparkContext.scala:2061)
	at org.apache.spark.SparkContext.runJob(SparkContext.scala:2082)
	at org.apache.spark.SparkContext.runJob(SparkContext.scala:2101)
	at org.apache.spark.SparkContext.runJob(SparkContext.scala:2126)
	at org.apache.spark.rdd.RDD$$anonfun$collect$1.apply(RDD.scala:945)
	at org.apache.spark.rdd.RDDOperationScope$.withScope(RDDOperationScope.scala:151)
	at org.apache.spark.rdd.RDDOperationScope$.withScope(RDDOperationScope.scala:112)
	at org.apache.spark.rdd.RDD.withScope(RDD.scala:363)
	at org.apache.spark.rdd.RDD.collect(RDD.scala:944)
	at org.apache.spark.sql.execution.SparkPlan.executeCollect(SparkPlan.scala:335)
	at org.apache.spark.sql.Dataset$$anonfun$collectToPython$1.apply(Dataset.scala:3263)
	at org.apache.spark.sql.Dataset$$anonfun$collectToPython$1.apply(Dataset.scala:3260)
	at org.apache.spark.sql.Dataset$$anonfun$52.apply(Dataset.scala:3370)
	at org.apache.spark.sql.execution.SQLExecution$$anonfun$withNewExecutionId$1.apply(SQLExecution.scala:84)
	at org.apache.spark.sql.execution.SQLExecution$.withSQLConfPropagated(SQLExecution.scala:165)
	at org.apache.spark.sql.execution.SQLExecution$.withNewExecutionId(SQLExecution.scala:74)
	at org.apache.spark.sql.Dataset.withAction(Dataset.scala:3369)
	at org.apache.spark.sql.Dataset.collectToPython(Dataset.scala:3260)
	at sun.reflect.GeneratedMethodAccessor65.invoke(Unknown Source)
	at sun.reflect.DelegatingMethodAccessorImpl.invoke(DelegatingMethodAccessorImpl.java:43)
	at java.lang.reflect.Method.invoke(Method.java:498)
	at py4j.reflection.MethodInvoker.invoke(MethodInvoker.java:244)
	at py4j.reflection.ReflectionEngine.invoke(ReflectionEngine.java:357)
	at py4j.Gateway.invoke(Gateway.java:282)
	at py4j.commands.AbstractCommand.invokeMethod(AbstractCommand.java:132)
	at py4j.commands.CallCommand.execute(CallCommand.java:79)
	at py4j.GatewayConnection.run(GatewayConnection.java:238)
	at java.lang.Thread.run(Thread.java:748)


2020/05/11 07:29:15 AM Analysis finished at Mon May 11 07:29:15 2020
2020/05/11 07:29:15 AM Simulation complete. Time elapsed: 7.0m:18.76s
