2020/05/11 09:25:19 AM Setting up graph data with 596 nodes, 132982 edges and 1 clusters
2020/05/11 09:31:51 AM 
 Summary of simulation: 
------------------------------------- 
Duration: 5
------------------------------------- 
p_is: 0.6
------------------------------------- 
p_id: 0.0134
------------------------------------- 
p_ih: 0.0678
------------------------------------- 
p_ir: 0.3945
------------------------------------- 
p_hr: 0.19725
------------------------------------- 
p_hd: 0.0419
------------------------------------- 
t_latent: 10
------------------------------------- 
t_infectious: 10.0

2020/05/11 09:31:51 AM Analysis finished at Mon May 11 09:31:51 2020
2020/05/11 09:31:51 AM Simulation complete. Time elapsed: 6.0m:32.32s
