2020/05/11 06:19:34 AM Setting up graph data with 596 nodes, 132982 edges and 1 clusters
2020/05/11 07:21:15 AM 
 Summary of simulation: 
------------------------------------- 
Duration: 20
------------------------------------- 
p_is: 0.5
------------------------------------- 
p_id: 0.0134
------------------------------------- 
p_ih: 0.0678
------------------------------------- 
p_ir: 0.3945
------------------------------------- 
p_hr: 0.19725
------------------------------------- 
p_hd: 0.0419
------------------------------------- 
t_latent: 5
------------------------------------- 
t_infectious: 10.0

2020/05/11 07:21:15 AM Analysis finished at Mon May 11 07:21:15 2020
2020/05/11 07:21:15 AM Simulation complete. Time elapsed: 1.0h:1.0m:40.97s
