2020/05/11 09:11:19 AM Setting up graph data with 596 nodes, 132982 edges and 1 clusters
2020/05/11 09:24:26 AM 
 Summary of simulation: 
------------------------------------- 
Duration: 7
------------------------------------- 
p_is: 0.6
------------------------------------- 
p_id: 0.0134
------------------------------------- 
p_ih: 0.0678
------------------------------------- 
p_ir: 0.3945
------------------------------------- 
p_hr: 0.19725
------------------------------------- 
p_hd: 0.0419
------------------------------------- 
t_latent: 10
------------------------------------- 
t_infectious: 5.0

2020/05/11 09:24:26 AM Analysis finished at Mon May 11 09:24:26 2020
2020/05/11 09:24:26 AM Simulation complete. Time elapsed: 13.0m:6.36s
