2020/05/11 07:30:40 AM Setting up graph data with 596 nodes, 132982 edges and 1 clusters
2020/05/11 07:48:48 AM 
 Summary of simulation: 
------------------------------------- 
Duration: 6
------------------------------------- 
p_is: 0.5
------------------------------------- 
p_id: 0.0134
------------------------------------- 
p_ih: 0.0678
------------------------------------- 
p_ir: 0.3945
------------------------------------- 
p_hr: 0.19725
------------------------------------- 
p_hd: 0.0419
------------------------------------- 
t_latent: 10
------------------------------------- 
t_infectious: 10.0

2020/05/11 07:48:48 AM Analysis finished at Mon May 11 07:48:48 2020
2020/05/11 07:48:48 AM Simulation complete. Time elapsed: 18.0m:8.55s
